2020-05-24 00:17:43.824  INFO 16372 --- [main] com.example.demo.FindMyStuffApplication  : Starting FindMyStuffApplication on LAPTOP-27VT8PQ1 with PID 16372 (started by ktrom in C:\Users\ktrom\Desktop\GitHub\FindMyStuff\FindMyStuff\Back End\FindMyStuff)
2020-05-24 00:17:43.839  INFO 16372 --- [main] com.example.demo.FindMyStuffApplication  : No active profile set, falling back to default profiles: default
2020-05-24 00:17:45.162  INFO 16372 --- [main] .s.d.r.c.RepositoryConfigurationDelegate : Bootstrapping Spring Data JPA repositories in DEFAULT mode.
2020-05-24 00:17:45.257  INFO 16372 --- [main] .s.d.r.c.RepositoryConfigurationDelegate : Finished Spring Data repository scanning in 80ms. Found 1 JPA repository interfaces.
2020-05-24 00:17:45.749  INFO 16372 --- [main] trationDelegate$BeanPostProcessorChecker : Bean 'org.springframework.transaction.annotation.ProxyTransactionManagementConfiguration' of type [org.springframework.transaction.annotation.ProxyTransactionManagementConfiguration] is not eligible for getting processed by all BeanPostProcessors (for example: not eligible for auto-proxying)
2020-05-24 00:17:46.646  INFO 16372 --- [main] o.s.b.w.embedded.tomcat.TomcatWebServer  : Tomcat initialized with port(s): 8080 (http)
2020-05-24 00:17:46.672  INFO 16372 --- [main] o.apache.catalina.core.StandardService   : Starting service [Tomcat]
2020-05-24 00:17:46.673  INFO 16372 --- [main] org.apache.catalina.core.StandardEngine  : Starting Servlet engine: [Apache Tomcat/9.0.30]
2020-05-24 00:17:46.974  INFO 16372 --- [main] o.a.c.c.C.[Tomcat].[localhost].[/]       : Initializing Spring embedded WebApplicationContext
2020-05-24 00:17:46.976  INFO 16372 --- [main] o.s.web.context.ContextLoader            : Root WebApplicationContext: initialization completed in 3030 ms
2020-05-24 00:17:47.265  INFO 16372 --- [main] o.hibernate.jpa.internal.util.LogHelper  : HHH000204: Processing PersistenceUnitInfo [name: default]
2020-05-24 00:17:47.397  INFO 16372 --- [main] org.hibernate.Version                    : HHH000412: Hibernate Core {5.4.10.Final}
2020-05-24 00:17:47.646  INFO 16372 --- [main] o.hibernate.annotations.common.Version   : HCANN000001: Hibernate Commons Annotations {5.1.0.Final}
2020-05-24 00:17:47.847  INFO 16372 --- [main] com.zaxxer.hikari.HikariDataSource       : HikariPool-1 - Starting...
2020-05-24 00:17:48.146  INFO 16372 --- [main] com.zaxxer.hikari.HikariDataSource       : HikariPool-1 - Start completed.
2020-05-24 00:17:48.183  INFO 16372 --- [main] org.hibernate.dialect.Dialect            : HHH000400: Using dialect: org.hibernate.dialect.MySQL8Dialect
2020-05-24 00:17:48.932  INFO 16372 --- [main] org.hibernate.tuple.PojoInstantiator     : HHH000182: No default (no-argument) constructor for class: com.example.demo.database.User (class must be instantiated by Interceptor)
2020-05-24 00:17:49.329  INFO 16372 --- [main] o.h.e.t.j.p.i.JtaPlatformInitiator       : HHH000490: Using JtaPlatform implementation: [org.hibernate.engine.transaction.jta.platform.internal.NoJtaPlatform]
2020-05-24 00:17:49.336  INFO 16372 --- [main] j.LocalContainerEntityManagerFactoryBean : Initialized JPA EntityManagerFactory for persistence unit 'default'
2020-05-24 00:17:49.907  WARN 16372 --- [main] JpaBaseConfiguration$JpaWebConfiguration : spring.jpa.open-in-view is enabled by default. Therefore, database queries may be performed during view rendering. Explicitly configure spring.jpa.open-in-view to disable this warning
2020-05-24 00:17:50.184  INFO 16372 --- [main] o.s.s.concurrent.ThreadPoolTaskExecutor  : Initializing ExecutorService 'applicationTaskExecutor'
2020-05-24 00:17:50.850  INFO 16372 --- [main] o.s.b.w.embedded.tomcat.TomcatWebServer  : Tomcat started on port(s): 8080 (http) with context path ''
